<?xml version="1.0" encoding="UTF-8"?>
<testng-results skipped="0" failed="0" total="3" passed="3">
  <reporter-output>
  </reporter-output>
  <suite name="Default suite" duration-ms="55154" started-at="2020-09-09T21:13:21Z" finished-at="2020-09-09T21:14:16Z">
    <groups>
    </groups>
    <test name="Default test" duration-ms="55154" started-at="2020-09-09T21:13:21Z" finished-at="2020-09-09T21:14:16Z">
      <class name="com.bd.driver.DriverBase">
        <test-method status="PASS" signature="reportTest()[pri:0, instance:com.bd.driver.DriverBase@6b4a4e18]" name="reportTest" is-config="true" duration-ms="187" started-at="2020-09-10T02:43:21Z" finished-at="2020-09-10T02:43:21Z">
          <reporter-output>
          </reporter-output>
        </test-method> <!-- reportTest -->
        <test-method status="PASS" signature="BookTicketTest()[pri:0, instance:com.bd.driver.DriverBase@6b4a4e18]" name="BookTicketTest" duration-ms="26908" started-at="2020-09-10T02:43:21Z" finished-at="2020-09-10T02:43:48Z">
          <reporter-output>
          </reporter-output>
        </test-method> <!-- BookTicketTest -->
        <test-method status="PASS" signature="FindFlightsTest()[pri:0, instance:com.bd.driver.DriverBase@6b4a4e18]" name="FindFlightsTest" duration-ms="13087" started-at="2020-09-10T02:43:48Z" finished-at="2020-09-10T02:44:01Z">
          <reporter-output>
          </reporter-output>
        </test-method> <!-- FindFlightsTest -->
        <test-method status="PASS" signature="FlightDetailsTest()[pri:0, instance:com.bd.driver.DriverBase@6b4a4e18]" name="FlightDetailsTest" duration-ms="14435" started-at="2020-09-10T02:44:01Z" finished-at="2020-09-10T02:44:16Z">
          <reporter-output>
          </reporter-output>
        </test-method> <!-- FlightDetailsTest -->
        <test-method status="PASS" signature="flushTest()[pri:0, instance:com.bd.driver.DriverBase@6b4a4e18]" name="flushTest" is-config="true" duration-ms="511" started-at="2020-09-10T02:44:16Z" finished-at="2020-09-10T02:44:16Z">
          <reporter-output>
          </reporter-output>
        </test-method> <!-- flushTest -->
      </class> <!-- com.bd.driver.DriverBase -->
    </test> <!-- Default test -->
  </suite> <!-- Default suite -->
</testng-results>
