<?xml version="1.0" encoding="UTF-8"?>
<!-- Generated by org.testng.reporters.JUnitXMLReporter -->
<testsuite hostname="ArunYadav" name="Test" tests="3" failures="0" timestamp="9 Sep 2020 21:05:36 GMT" time="50.983" errors="0">
  <testcase name="BookTicketTest" time="22.433" classname="com.bd.driver.DriverBase"/>
  <testcase name="FindFlightsTest" time="12.992" classname="com.bd.driver.DriverBase"/>
  <testcase name="FlightDetailsTest" time="14.823" classname="com.bd.driver.DriverBase"/>
</testsuite> <!-- Test -->
